[19:21:53] [ServerMain/INFO]: Environment: authHost='https://authserver.mojang.com', accountsHost='https://api.mojang.com', sessionHost='https://sessionserver.mojang.com', servicesHost='https://api.minecraftservices.com', name='PROD'
[19:21:57] [ServerMain/WARN]: Ambiguity between arguments [teleport, location] and [teleport, destination] with inputs: [0.1 -0.5 .9, 0 0 0]
[19:21:57] [ServerMain/WARN]: Ambiguity between arguments [teleport, location] and [teleport, targets] with inputs: [0.1 -0.5 .9, 0 0 0]
[19:21:57] [ServerMain/WARN]: Ambiguity between arguments [teleport, destination] and [teleport, targets] with inputs: [Player, 0123, @e, dd12be42-52a9-4a91-a8a1-11c01849e498]
[19:21:57] [ServerMain/WARN]: Ambiguity between arguments [teleport, targets] and [teleport, destination] with inputs: [Player, 0123, dd12be42-52a9-4a91-a8a1-11c01849e498]
[19:21:57] [ServerMain/WARN]: Ambiguity between arguments [teleport, targets, location] and [teleport, targets, destination] with inputs: [0.1 -0.5 .9, 0 0 0]
[19:21:58] [Worker-Main-2/INFO]: Loaded 7 recipes
[19:21:58] [Worker-Main-2/INFO]: Loaded 1141 advancements
[19:22:00] [Server thread/INFO]: Starting minecraft server version 1.18.2
[19:22:00] [Server thread/INFO]: Loading properties
[19:22:00] [Server thread/INFO]: Default game type: SURVIVAL
[19:22:00] [Server thread/INFO]: Generating keypair
[19:22:01] [Server thread/INFO]: Starting Minecraft server on *:25565
[19:22:01] [Server thread/INFO]: Using epoll channel type
[19:22:01] [Server thread/WARN]: **** SERVER IS RUNNING IN OFFLINE/INSECURE MODE!
[19:22:01] [Server thread/WARN]: The server will make no attempt to authenticate usernames. Beware.
[19:22:01] [Server thread/WARN]: While this makes the game possible to play without internet access, it also opens up the ability for hackers to connect with any username they choose.
[19:22:01] [Server thread/WARN]: To change this, set "online-mode" to "true" in the server.properties file.
[19:22:01] [Server thread/INFO]: Preparing level "world"
[19:22:08] [Server thread/INFO]: Preparing start region for dimension minecraft:overworld
[19:22:11] [Worker-Main-2/INFO]: Preparing spawn area: 0%
[19:22:11] [Worker-Main-2/INFO]: Preparing spawn area: 0%
[19:22:11] [Worker-Main-2/INFO]: Preparing spawn area: 0%
[19:22:11] [Worker-Main-2/INFO]: Preparing spawn area: 0%
[19:22:11] [Worker-Main-2/INFO]: Preparing spawn area: 0%
[19:22:11] [Worker-Main-2/INFO]: Preparing spawn area: 0%
[19:22:11] [Worker-Main-2/INFO]: Preparing spawn area: 0%
[19:22:12] [Worker-Main-2/INFO]: Preparing spawn area: 0%
[19:22:12] [Worker-Main-2/INFO]: Preparing spawn area: 0%
[19:22:13] [Worker-Main-2/INFO]: Preparing spawn area: 0%
[19:22:13] [Worker-Main-2/INFO]: Preparing spawn area: 0%
[19:22:14] [Worker-Main-2/INFO]: Preparing spawn area: 0%
[19:22:14] [Worker-Main-2/INFO]: Preparing spawn area: 4%
[19:22:15] [Worker-Main-2/INFO]: Preparing spawn area: 9%
[19:22:15] [Worker-Main-2/INFO]: Preparing spawn area: 20%
[19:22:16] [Worker-Main-2/INFO]: Preparing spawn area: 40%
[19:22:16] [Worker-Main-2/INFO]: Preparing spawn area: 41%
[19:22:17] [Worker-Main-2/INFO]: Preparing spawn area: 84%
[19:22:17] [Worker-Main-2/INFO]: Preparing spawn area: 86%
[19:22:18] [Worker-Main-2/INFO]: Preparing spawn area: 89%
[19:22:19] [Worker-Main-2/INFO]: Preparing spawn area: 90%
[19:22:19] [Server thread/INFO]: Time elapsed: 10524 ms
[19:22:19] [Server thread/INFO]: Done (17.926s)! For help, type "help"
[19:22:19] [Server thread/INFO]: Starting remote control listener
[19:22:19] [Server thread/INFO]: Thread RCON Listener started
[19:22:19] [Server thread/INFO]: RCON running on 0.0.0.0:25575
[19:22:31] [Server thread/INFO]: GAY_HUNTER[/194.187.155.161:57704] logged in with entity id 80 at (110.5, 95.0, -485.5)
[19:22:31] [Server thread/INFO]: GAY_HUNTER joined the game
[19:23:03] [Server thread/INFO]: smertnik[/194.44.45.126:64890] logged in with entity id 287 at (118.5, 85.0, -483.5)
[19:23:03] [Server thread/INFO]: smertnik joined the game
[19:23:05] [Server thread/INFO]: qusarber[/178.133.224.192:59082] logged in with entity id 292 at (111.5, 91.0, -483.5)
[19:23:05] [Server thread/INFO]: qusarber joined the game
[19:23:31] [Server thread/INFO]: dima23008[/194.44.201.154:61950] logged in with entity id 407 at (110.5, 85.0, -469.5)
[19:23:31] [Server thread/INFO]: dima23008 joined the game
[19:23:46] [Server thread/INFO]: TARAS[/194.187.155.36:61779] logged in with entity id 584 at (122.5, 72.0, -488.5)
[19:23:46] [Server thread/INFO]: TARAS joined the game
[19:24:56] [Server thread/INFO]: Illia[/31.134.85.51:61134] logged in with entity id 769 at (122.5, 91.0, -473.5)
[19:24:56] [Server thread/INFO]: Illia joined the game
