[13:34:05] [ServerMain/INFO]: Environment: authHost='https://authserver.mojang.com', accountsHost='https://api.mojang.com', sessionHost='https://sessionserver.mojang.com', servicesHost='https://api.minecraftservices.com', name='PROD'
[13:34:10] [Worker-Main-17/INFO]: Loaded 7 recipes
[13:34:12] [Server thread/INFO]: Starting minecraft server version 1.18.2
[13:34:12] [Server thread/INFO]: Loading properties
[13:34:12] [Server thread/INFO]: Default game type: SURVIVAL
[13:34:12] [Server thread/INFO]: Generating keypair
[13:34:13] [Server thread/INFO]: Starting Minecraft server on *:25565
[13:34:13] [Server thread/INFO]: Using epoll channel type
[13:34:14] [Server thread/INFO]: This server is running CraftBukkit version 3473-Bukkit-2542945 (MC: 1.18.2) (Implementing API version 1.18.2-R0.1-SNAPSHOT)
[13:34:15] [Server thread/INFO]: [SetHomes] Loading SetHomes v1.3.0
[13:34:15] [Server thread/INFO]: [WorldEdit] Loading WorldEdit v7.2.10+1742f98
[13:34:17] [Server thread/INFO]: Got request to register class com.sk89q.worldedit.bukkit.BukkitServerInterface with WorldEdit [com.sk89q.worldedit.extension.platform.PlatformManager@6f3b18c]
[13:34:17] [Server thread/INFO]: [WorldEdit] Default configuration file written: config.yml
[13:34:17] [Server thread/INFO]: [Timber] Loading Timber v1.0.9
[13:34:17] [Server thread/INFO]: [Multiverse-Core] Loading Multiverse-Core v4.3.1-b861
[13:34:17] [Server thread/INFO]: [WorldGuard] Loading WorldGuard v7.0.7+216b061
[13:34:17] [Server thread/INFO]: [WorldEdit] Enabling WorldEdit v7.2.10+1742f98
[13:34:17] [Server thread/INFO]: Registering commands with com.sk89q.worldedit.bukkit.BukkitServerInterface
[13:34:18] [Server thread/INFO]: WEPIF: Updated config file
[13:34:18] [Server thread/INFO]: WEPIF: Using the Bukkit Permissions API.
[13:34:19] [Server thread/INFO]: Using com.sk89q.worldedit.bukkit.adapter.impl.v1_18_R2.PaperweightAdapter as the Bukkit adapter
[13:34:19] [Server thread/INFO]: [WorldEdit] ====================================================
[13:34:19] [Server thread/INFO]: [WorldEdit]  WorldEdit works better if you use Paper 
[13:34:19] [Server thread/INFO]: [WorldEdit]  as your server software. 
[13:34:19] [Server thread/INFO]: [WorldEdit]   
[13:34:19] [Server thread/INFO]: [WorldEdit]  Paper offers significant performance improvements,
[13:34:19] [Server thread/INFO]: [WorldEdit]  bug fixes, security enhancements and optional
[13:34:19] [Server thread/INFO]: [WorldEdit]  features for server owners to enhance their server.
[13:34:19] [Server thread/INFO]: [WorldEdit]   
[13:34:19] [Server thread/INFO]: [WorldEdit]  Paper includes Timings v2, which is significantly
[13:34:19] [Server thread/INFO]: [WorldEdit]  better at diagnosing lag problems over v1.
[13:34:19] [Server thread/INFO]: [WorldEdit]   
[13:34:19] [Server thread/INFO]: [WorldEdit]  All of your plugins should still work, and the
[13:34:19] [Server thread/INFO]: [WorldEdit]  Paper community will gladly help you fix any issues.
[13:34:19] [Server thread/INFO]: [WorldEdit]   
[13:34:19] [Server thread/INFO]: [WorldEdit]  Join the Paper Community @ https://papermc.io
[13:34:19] [Server thread/INFO]: [WorldEdit] ====================================================
[13:34:19] [Server thread/WARN]: **** SERVER IS RUNNING IN OFFLINE/INSECURE MODE!
[13:34:19] [Server thread/WARN]: The server will make no attempt to authenticate usernames. Beware.
[13:34:19] [Server thread/WARN]: While this makes the game possible to play without internet access, it also opens up the ability for hackers to connect with any username they choose.
[13:34:19] [Server thread/WARN]: To change this, set "online-mode" to "true" in the server.properties file.
[13:34:19] [Server thread/INFO]: Preparing level "world"
[13:34:20] [Server thread/INFO]: Preparing start region for dimension minecraft:overworld
[13:34:21] [Worker-Main-23/INFO]: Preparing spawn area: 0%
[13:34:21] [Worker-Main-22/INFO]: Preparing spawn area: 0%
[13:34:21] [Worker-Main-24/INFO]: Preparing spawn area: 0%
[13:34:22] [Worker-Main-28/INFO]: Preparing spawn area: 0%
[13:34:22] [Worker-Main-23/INFO]: Preparing spawn area: 2%
[13:34:23] [Worker-Main-25/INFO]: Preparing spawn area: 6%
[13:34:23] [Worker-Main-30/INFO]: Preparing spawn area: 13%
[13:34:24] [Worker-Main-27/INFO]: Preparing spawn area: 55%
[13:34:24] [Server thread/INFO]: Time elapsed: 4102 ms
[13:34:24] [Server thread/INFO]: Preparing start region for dimension minecraft:the_nether
[13:34:25] [Worker-Main-23/INFO]: Preparing spawn area: 0%
[13:34:25] [Worker-Main-29/INFO]: Preparing spawn area: 0%
[13:34:25] [Worker-Main-22/INFO]: Preparing spawn area: 0%
[13:34:26] [Worker-Main-25/INFO]: Preparing spawn area: 0%
[13:34:26] [Worker-Main-25/INFO]: Preparing spawn area: 0%
[13:34:27] [Worker-Main-28/INFO]: Preparing spawn area: 3%
[13:34:27] [Worker-Main-28/INFO]: Preparing spawn area: 4%
[13:34:28] [Worker-Main-23/INFO]: Preparing spawn area: 4%
[13:34:28] [Worker-Main-23/INFO]: Preparing spawn area: 10%
[13:34:29] [Worker-Main-20/INFO]: Preparing spawn area: 44%
[13:34:29] [Worker-Main-30/INFO]: Preparing spawn area: 63%
[13:34:30] [Server thread/INFO]: Time elapsed: 5684 ms
[13:34:30] [Server thread/INFO]: Preparing start region for dimension minecraft:the_end
[13:34:30] [Worker-Main-19/INFO]: Preparing spawn area: 0%
[13:34:30] [Worker-Main-22/INFO]: Preparing spawn area: 0%
[13:34:31] [Worker-Main-23/INFO]: Preparing spawn area: 0%
[13:34:31] [Worker-Main-26/INFO]: Preparing spawn area: 0%
[13:34:32] [Worker-Main-16/INFO]: Preparing spawn area: 4%
[13:34:32] [Worker-Main-30/INFO]: Preparing spawn area: 4%
[13:34:33] [Worker-Main-18/INFO]: Preparing spawn area: 23%
[13:34:33] [Worker-Main-22/INFO]: Preparing spawn area: 45%
[13:34:34] [Worker-Main-17/INFO]: Preparing spawn area: 75%
[13:34:34] [Server thread/INFO]: Time elapsed: 4450 ms
[13:34:34] [Server thread/INFO]: [SetHomes] Enabling SetHomes v1.3.0
[13:34:34] [Server thread/INFO]: [SetHomes] Luck perms was not found! Reverting to vault...
[13:34:34] [Server thread/INFO]: [SetHomes] Vault was not found.
[13:34:34] [Server thread/WARN]: [SetHomes] Could not connect to a permissions plugin! Config setting "max-homes" will be ignored!
[13:34:34] [Server thread/INFO]: [Timber] Enabling Timber v1.0.9
[13:34:34] [Server thread/INFO]: Timber Log Materials: [JUNGLE_LOG, DARK_OAK_LOG, BIRCH_LOG, ACACIA_LOG, OAK_LOG, SPRUCE_LOG]
[13:34:34] [Server thread/INFO]: Timber Axe Materials: [IRON_AXE, WOODEN_AXE, GOLDEN_AXE, DIAMOND_AXE, STONE_AXE, NETHERITE_AXE]
[13:34:34] [Server thread/INFO]: [Multiverse-Core] Enabling Multiverse-Core v4.3.1-b861
[13:34:34] [Server thread/WARN]: [Multiverse-Core] "Multiverse-Core v4.3.1-b861" has registered a listener for org.bukkit.event.entity.EntityCreatePortalEvent on method "public void com.onarandombox.MultiverseCore.listeners.MVPortalListener.entityPortalCreate(org.bukkit.event.entity.EntityCreatePortalEvent)", but the event is Deprecated. "Server performance will be affected"; please notify the authors [dumptruckman, Rigby, fernferret, lithium3141, main--].
[13:34:34] [Server thread/INFO]: [Multiverse-Core] §aWe are aware of the warning about the deprecated event. There is no alternative that allows us to do what we need to do and performance impact is negligible. It is safe to ignore.
[13:34:35] [Server thread/INFO]: [Multiverse-Core] 3 - World(s) loaded.
[13:34:35] [Server thread/WARN]: [Multiverse-Core] Buscript failed to load! The script command will be disabled! If you would like not to see this message, use `/mv conf enablebuscript false` to disable Buscript from loading.
[13:34:35] [Server thread/INFO]: [Multiverse-Core] Version 4.3.1-b861 (API v24) Enabled - By dumptruckman, Rigby, fernferret, lithium3141 and main--
[13:34:35] [Server thread/INFO]: [WorldGuard] Enabling WorldGuard v7.0.7+216b061
[13:34:35] [Server thread/INFO]: [WorldGuard] Default configuration file written: config.yml
[13:34:35] [Server thread/INFO]: [WorldGuard] Default configuration file written: config_world.yml
[13:34:35] [Server thread/INFO]: [WorldGuard] Default configuration file written: blacklist.txt
[13:34:35] [Server thread/INFO]: [WorldGuard] (world) TNT ignition is PERMITTED.
[13:34:35] [Server thread/INFO]: [WorldGuard] (world) Lighters are PERMITTED.
[13:34:35] [Server thread/INFO]: [WorldGuard] (world) Lava fire is PERMITTED.
[13:34:35] [Server thread/INFO]: [WorldGuard] (world) Fire spread is UNRESTRICTED.
[13:34:35] [Server thread/INFO]: [WorldGuard] Loaded configuration for world 'world'
[13:34:35] [Server thread/INFO]: [WorldGuard] Default configuration file written: config_world.yml
[13:34:35] [Server thread/INFO]: [WorldGuard] Default configuration file written: blacklist.txt
[13:34:35] [Server thread/INFO]: [WorldGuard] (world_nether) TNT ignition is PERMITTED.
[13:34:35] [Server thread/INFO]: [WorldGuard] (world_nether) Lighters are PERMITTED.
[13:34:35] [Server thread/INFO]: [WorldGuard] (world_nether) Lava fire is PERMITTED.
[13:34:35] [Server thread/INFO]: [WorldGuard] (world_nether) Fire spread is UNRESTRICTED.
[13:34:35] [Server thread/INFO]: [WorldGuard] Loaded configuration for world 'world_nether'
[13:34:35] [Server thread/INFO]: [WorldGuard] Default configuration file written: config_world.yml
[13:34:35] [Server thread/INFO]: [WorldGuard] Default configuration file written: blacklist.txt
[13:34:35] [Server thread/INFO]: [WorldGuard] (world_the_end) TNT ignition is PERMITTED.
[13:34:35] [Server thread/INFO]: [WorldGuard] (world_the_end) Lighters are PERMITTED.
[13:34:35] [Server thread/INFO]: [WorldGuard] (world_the_end) Lava fire is PERMITTED.
[13:34:35] [Server thread/INFO]: [WorldGuard] (world_the_end) Fire spread is UNRESTRICTED.
[13:34:35] [Server thread/INFO]: [WorldGuard] Loaded configuration for world 'world_the_end'
[13:34:35] [Server thread/INFO]: [WorldGuard] Loading region data...
[13:34:35] [Server thread/INFO]: [WorldGuard] Unloading and saving region data that is currently loaded...
[13:34:35] [Server thread/INFO]: [WorldGuard] Loading region data for loaded worlds...
[13:34:35] [Server thread/INFO]: [WorldGuard] Loading region data...
[13:34:35] [Server thread/INFO]: [WorldGuard] Regions saved after UUID migration! This won't happen again unless you change the relevant configuration option in WorldGuard's config.
[13:34:35] [Server thread/INFO]: Server permissions file permissions.yml is empty, ignoring it
[13:34:35] [Server thread/INFO]: Done (16.133s)! For help, type "help"
[13:34:35] [Server thread/INFO]: Starting remote control listener
[13:34:35] [Server thread/INFO]: Thread RCON Listener started
[13:34:35] [Server thread/INFO]: RCON running on 0.0.0.0:25575
[13:34:36] [Server thread/INFO]: Jeleshka[/172.23.0.1:42584] logged in with entity id 117 at ([world]-3.528183990360279, -33.160000026226044, -817.8926506785278)
[13:34:41] [Server thread/INFO]: Taras[/172.23.0.1:42608] logged in with entity id 375 at ([world]363.3693769864676, 68.3053132561316, -959.564296236076)
[13:34:48] [Server thread/INFO]: GAY_HUNTER[/172.23.0.1:42612] logged in with entity id 589 at ([world]75.20603008026129, 68.875, -1033.767632037784)
[13:34:55] [Server thread/INFO]: Bebra[/172.23.0.1:42620] logged in with entity id 883 at ([world]72.91359449805685, 67.23152379758702, -1016.8284431418075)
[13:35:01] [Server thread/INFO]: GAY_HUNTER issued server command: /region define home1
[13:35:04] [Server thread/INFO]: qusarber[/172.23.0.1:42624] logged in with entity id 919 at ([world]84.84446948339091, 67.0, -893.2732908297295)
[13:35:18] [Server thread/INFO]: smertnik[/172.23.0.1:42646] logged in with entity id 1006 at ([world]139.74181441478206, 82.0, -1174.3444011060276)
[13:35:31] [Server thread/INFO]: Vasul[/172.23.0.1:42650] logged in with entity id 1261 at ([world]-3.699999988079071, -40.0, -801.9599148729617)
[13:35:51] [Server thread/INFO]: Illia[/172.23.0.1:42664] logged in with entity id 1450 at ([world]10.699999988079071, 55.0, -1019.0463370412443)
[13:35:59] [Server thread/INFO]: GAY_HUNTER issued server command: //wand
[13:36:47] [Server thread/INFO]: Taras has made the advancement [Best Friends Forever]
[13:37:11] [Server thread/INFO]: Taras was slain by Enderman
[13:37:40] [Server thread/INFO]: dima23008[/172.23.0.1:42680] logged in with entity id 2786 at ([world]80.79882428525129, -13.0, -997.5423082065953)
[13:38:28] [Server thread/INFO]: Vasul was shot by Skeleton
[13:38:41] [Netty Epoll Server IO #30/INFO]: <dima23008> tell GAY_HUNTER чек лс
[13:38:48] [Netty Epoll Server IO #8/INFO]: <Taras> ок)
[13:39:05] [Server thread/INFO]: GAY_HUNTER issued server command: /teleport Jeleshka dima23008
[13:39:05] [Server thread/INFO]: [GAY_HUNTER: Teleported Jeleshka to dima23008]
[13:39:19] [Server thread/INFO]: GAY_HUNTER issued server command: /teleport Vasul dima23008
[13:39:19] [Server thread/INFO]: [GAY_HUNTER: Teleported Vasul to dima23008]
[13:39:29] [Server thread/INFO]: GAY_HUNTER issued server command: /region define home1
[13:39:35] [WorldGuard Region I/O/INFO]: [WorldGuard] Region data changes made in 'world' have been background saved
[13:40:30] [Server thread/INFO]: Jeleshka issued server command: //wand
[13:43:16] [Server thread/INFO]: Taras fell from a high place
[13:43:46] [Server thread/INFO]: Bebra issued server command: /sethome
[13:43:54] [Server thread/INFO]: Bebra issued server command: /home
[13:43:55] [Server thread/INFO]: Bebra issued server command: /home
[13:44:53] [Server thread/INFO]: Taras issued server command: /tell GAY_HUNTER дай щось, стою біля тебе
[13:45:41] [Server thread/INFO]: Taras issued server command: /tell dima23008 дай щось, стою біля тебе
[13:45:41] [Server thread/WARN]: Bebra moved wrongly!
[13:46:54] [Server thread/INFO]: Bebra issued server command: /home
[13:47:30] [Server thread/INFO]: GAY_HUNTER issued server command: /region flag interact allow
[13:47:42] [Server thread/INFO]: GAY_HUNTER issued server command: /region flag home1 interact allow
[13:48:05] [WorldGuard Region I/O/INFO]: [WorldGuard] Region data changes made in 'world' have been background saved
[13:48:20] [Server thread/INFO]: GAY_HUNTER issued server command: /region flag home1 damage-animals allow
[13:48:35] [Server thread/INFO]: GAY_HUNTER issued server command: /region flag home1 chest-access allow
[13:48:35] [WorldGuard Region I/O/INFO]: [WorldGuard] Region data changes made in 'world' have been background saved
[13:50:18] [Server thread/INFO]: GAY_HUNTER issued server command: /rg remove home1
[13:50:29] [Server thread/INFO]: GAY_HUNTER issued server command: //wand
[13:50:29] [Server thread/INFO]: Illia has made the advancement [Hot Stuff]
[13:50:35] [WorldGuard Region I/O/INFO]: [WorldGuard] Region data changes made in 'world' have been background saved
[13:51:27] [Server thread/INFO]: GAY_HUNTER issued server command: /region define home1
[13:51:35] [WorldGuard Region I/O/INFO]: [WorldGuard] Region data changes made in 'world' have been background saved
[13:52:07] [Server thread/INFO]: Taras issued server command: /sethome
[13:52:57] [Server thread/INFO]: GAY_HUNTER issued server command: /rg remove home1
[13:53:05] [WorldGuard Region I/O/INFO]: [WorldGuard] Region data changes made in 'world' have been background saved
[13:53:20] [Server thread/INFO]: GAY_HUNTER issued server command: //wand
[13:53:40] [Server thread/INFO]: GAY_HUNTER issued server command: /home home1
[13:53:40] [Server thread/WARN]: GAY_HUNTER moved too quickly! -22.136280533865957,-2.0,-38.75515480521324
[13:56:54] [Server thread/INFO]: GAY_HUNTER issued server command: /sethome home1
[13:56:54] [Server thread/INFO]: Max Homes: 0
[13:57:17] [Server thread/INFO]: Vasul fell from a high place
[13:57:42] [Server thread/INFO]: Taras issued server command: /sethome
[13:59:37] [Server thread/INFO]: Taras issued server command: /sethome
[14:01:44] [Server thread/INFO]: GAY_HUNTER has made the advancement [What a Deal!]
[14:01:59] [Server thread/INFO]: Taras issued server command: /sethome
[14:02:04] [Server thread/INFO]: Taras was blown up by Creeper
[14:02:19] [Server thread/INFO]: Taras issued server command: /home
[14:03:46] [Server thread/INFO]: Jeleshka has made the advancement [Ice Bucket Challenge]
[14:05:09] [Server thread/INFO]: smertnik fell from a high place
[14:05:28] [Server thread/INFO]: Taras issued server command: /home
[14:05:30] [Server thread/INFO]: Taras issued server command: /sethome
[14:05:58] [Server thread/INFO]: Illia has made the advancement [Ice Bucket Challenge]
[14:08:50] [Server thread/INFO]: qusarber has made the advancement [What a Deal!]
[14:10:42] [Server thread/INFO]: dima23008 issued server command: /s
[14:10:47] [Server thread/INFO]: dima23008 issued server command: /sethome
[14:11:31] [Server thread/INFO]: Bebra issued server command: /home
[14:11:54] [Server thread/INFO]: Bebra has made the advancement [Sweet Dreams]
[14:12:05] [Server thread/INFO]: smertnik lost connection: Disconnected
[14:12:05] [Server thread/INFO]: smertnik left the game
[14:12:13] [Server thread/INFO]: Vasul lost connection: Disconnected
[14:12:13] [Server thread/INFO]: Vasul left the game
[14:12:49] [Server thread/INFO]: smertnik[/172.23.0.1:42836] logged in with entity id 33572 at ([world]101.82944213502967, 65.0, -925.4842747606299)
[14:13:03] [Server thread/INFO]: Vasul[/172.23.0.1:42840] logged in with entity id 33741 at ([world]79.47109861800145, 73.0, -1030.7544770412692)
[14:15:59] [Server thread/INFO]: Bebra has made the advancement [Enchanter]
[14:18:12] [Server thread/INFO]: Taras issued server command: /sethome
[14:19:34] [Server thread/INFO]: Taras issued server command: /sethome
[14:20:12] [Server thread/INFO]: Vasul has made the advancement [We Need to Go Deeper]
[14:21:43] [Server thread/INFO]: Bebra issued server command: /home
[14:22:22] [Server thread/INFO]: Illia has made the advancement [Suit Up]
[14:22:39] [Netty Epoll Server IO #8/INFO]: <Taras> i need food
[14:24:29] [Server thread/INFO]: Illia has made the advancement [We Need to Go Deeper]
[14:24:50] [Server thread/INFO]: Jeleshka has made the advancement [We Need to Go Deeper]
[14:24:54] [Server thread/INFO]: dima23008 has made the advancement [We Need to Go Deeper]
[14:30:31] [Server thread/INFO]: Taras issued server command: /home
[14:30:34] [Server thread/WARN]: Ignoring UseItemOnPacket from Taras: hit position BlockPosition{x=179, y=66, z=-1036} too far away from player BlockPosition{x=232, y=96, z=-912}.
[14:30:57] [Server thread/INFO]: Taras issued server command: /home
[14:32:05] [Server thread/INFO]: Taras issued server command: /seed
[14:32:09] [Server thread/INFO]: dima23008 has made the advancement [Ol' Betsy]
[14:32:13] [Server thread/INFO]: Vasul was slain by Hoglin
[14:32:19] [Server thread/INFO]: Vasul tried to swim in lava
[14:32:34] [Server thread/INFO]: Vasul tried to swim in lava
[14:32:56] [Server thread/INFO]: Vasul tried to swim in lava
[14:33:07] [Server thread/INFO]: Illia has made the advancement [Oh Shiny]
[14:33:08] [Server thread/INFO]: Vasul tried to swim in lava
[14:33:13] [Server thread/INFO]: GAY_HUNTER issued server command: /teleport Vasul GAY_HUNTER
[14:33:13] [Server thread/INFO]: [GAY_HUNTER: Teleported Vasul to GAY_HUNTER]
[14:33:19] [Server thread/INFO]: Vasul tried to swim in lava
[14:33:25] [Server thread/INFO]: Illia tried to swim in lava to escape Piglin
[14:33:27] [Server thread/INFO]: Vasul tried to swim in lava
[14:33:43] [Server thread/INFO]: GAY_HUNTER issued server command: /teleport Vasul GAY_HUNTER
[14:33:43] [Server thread/INFO]: [GAY_HUNTER: Teleported Vasul to GAY_HUNTER]
[14:35:48] [Server thread/INFO]: Taras fell from a high place
[14:35:54] [Server thread/INFO]: qusarber has made the advancement [A Seedy Place]
[14:36:13] [Server thread/INFO]: Taras issued server command: /home
[14:36:28] [Server thread/INFO]: Vasul fell from a high place
[14:36:37] [Server thread/INFO]: Illia tried to swim in lava
[14:37:19] [Server thread/INFO]: GAY_HUNTER issued server command: /teleport Jeleshka GAY_HUNTER
[14:37:19] [Server thread/INFO]: [GAY_HUNTER: Teleported Jeleshka to GAY_HUNTER]
[14:38:18] [Server thread/INFO]: Taras issued server command: /home
[14:38:22] [Server thread/INFO]: Taras issued server command: /sethome
[14:38:30] [Server thread/INFO]: GAY_HUNTER issued server command: /teleport Bebra
[14:38:30] [Server thread/INFO]: [GAY_HUNTER: Teleported GAY_HUNTER to Bebra]
[14:38:30] [Server thread/WARN]: GAY_HUNTER moved too quickly! -775.6866359362434,-79.0,355.37182097576965
[14:38:32] [Server thread/INFO]: Taras issued server command: /kill
[14:38:36] [Server thread/INFO]: Taras fell from a high place
[14:38:46] [Server thread/INFO]: Taras issued server command: /home
[14:39:12] [Server thread/INFO]: GAY_HUNTER issued server command: /teleport qusarber
[14:39:12] [Server thread/INFO]: [GAY_HUNTER: Teleported GAY_HUNTER to qusarber]
[14:39:12] [Server thread/WARN]: GAY_HUNTER moved too quickly! 969.3273755294023,84.0,-368.10693691053484
[14:39:51] [Server thread/INFO]: GAY_HUNTER issued server command: /teleport Bebra
[14:39:51] [Server thread/INFO]: [GAY_HUNTER: Teleported GAY_HUNTER to Bebra]
[14:39:51] [Server thread/WARN]: GAY_HUNTER moved too quickly! -953.0765328515531,-86.0,313.2875767945533
[14:40:12] [Server thread/INFO]: GAY_HUNTER issued server command: /home home1
[14:40:24] [Server thread/INFO]: Taras issued server command: /sethome
[14:40:39] [Server thread/INFO]: Bebra lost connection: Disconnected
[14:40:39] [Server thread/INFO]: Bebra left the game
[14:40:57] [Server thread/INFO]: Taras issued server command: /sethome
[14:41:01] [Server thread/INFO]: Taras issued server command: /home
[14:42:19] [Server thread/INFO]: Taras issued server command: /sethome
[14:43:43] [Server thread/WARN]: Vasul moved too quickly! 0.40202914270207657,-3.249187078744683,9.591175919937996
[14:44:01] [Server thread/INFO]: Taras issued server command: /sethome
[14:46:16] [Server thread/INFO]: Taras was blown up by Creeper
[14:46:34] [Server thread/INFO]: Taras issued server command: /home
[14:49:06] [Server thread/INFO]: Taras issued server command: /sethome
[14:50:05] [Server thread/INFO]: Taras issued server command: /sethome
[14:50:22] [Server thread/INFO]: Taras fell from a high place
[14:51:39] [Server thread/INFO]: Taras issued server command: /sethome
[14:52:24] [Server thread/INFO]: Bebra[/172.23.0.1:43030] logged in with entity id 60979 at ([world]-758.4372283510638, -34.0, -696.3494528724095)
[14:52:44] [Server thread/INFO]: Taras issued server command: /sethome
[14:53:27] [Server thread/INFO]: Taras issued server command: /sethome
[14:53:49] [Server thread/INFO]: Taras issued server command: /sethome
[14:53:53] [Server thread/INFO]: Taras fell from a high place
[14:54:02] [Server thread/INFO]: Bebra issued server command: /home
[14:54:08] [Server thread/INFO]: Taras issued server command: /home
[14:54:38] [Server thread/INFO]: Taras issued server command: /sethome
[14:54:58] [Server thread/INFO]: Taras has made the advancement [Getting an Upgrade]
[14:55:39] [Server thread/INFO]: Taras was blown up by Creeper
[14:55:44] [Server thread/INFO]: Taras issued server command: /home
[14:56:28] [Server thread/INFO]: Taras issued server command: /sethome
[14:56:35] [Server thread/INFO]: Taras issued server command: /tell GAY_HUNTER тпхни до себе пж
[14:56:48] [Server thread/INFO]: GAY_HUNTER issued server command: /teleport Taras GAY_HUNTER
[14:56:48] [Server thread/INFO]: [GAY_HUNTER: Teleported Taras to GAY_HUNTER]
[14:56:57] [Server thread/INFO]: Jeleshka lost connection: Disconnected
[14:56:57] [Server thread/INFO]: Jeleshka left the game
[14:57:54] [Server thread/INFO]: Taras issued server command: /tell GAY_HUNTER дай кірку і лопату, я глину принесу
[14:58:17] [Server thread/INFO]: Illia lost connection: Disconnected
[14:58:17] [Server thread/INFO]: Illia left the game
[14:59:30] [Server thread/INFO]: Taras issued server command: /home
[14:59:50] [Server thread/INFO]: qusarber lost connection: Disconnected
[14:59:50] [Server thread/INFO]: qusarber left the game
[15:03:02] [Server thread/INFO]: Bebra issued server command: /home
[15:03:49] [Server thread/INFO]: dima23008 lost connection: Disconnected
[15:03:49] [Server thread/INFO]: dima23008 left the game
[15:04:44] [Server thread/INFO]: Taras issued server command: /sethome
[15:05:55] [Server thread/INFO]: Vasul lost connection: Disconnected
[15:05:55] [Server thread/INFO]: Vasul left the game
[15:06:01] [Server thread/INFO]: smertnik hit the ground too hard
[15:06:20] [Server thread/INFO]: Taras issued server command: /sethome
[15:06:46] [Server thread/INFO]: smertnik has made the advancement [Diamonds!]
[15:07:17] [Server thread/INFO]: Taras lost connection: Disconnected
[15:07:17] [Server thread/INFO]: Taras left the game
[15:08:25] [Server thread/INFO]: smertnik lost connection: Disconnected
[15:08:25] [Server thread/INFO]: smertnik left the game
[15:11:10] [Server thread/INFO]: Bebra issued server command: /home
[15:12:03] [Server thread/INFO]: Bebra has made the advancement [Cover Me with Diamonds]
[15:22:59] [Server thread/INFO]: qusarber[/172.23.0.1:43170] logged in with entity id 75071 at ([world]185.07937967636613, 64.0, -1036.0488373146218)
[15:24:00] [Server thread/INFO]: Bebra lost connection: Disconnected
[15:24:00] [Server thread/INFO]: Bebra left the game
[15:27:18] [Netty Epoll Server IO #10/INFO]: <GAY_HUNTER> sleep
[15:30:21] [Server thread/WARN]: qusarber moved too quickly! 8.063339633036065,0.41999998688697815,-7.869791731429132
[15:36:16] [Server thread/INFO]: Bebra[/172.23.0.1:43234] logged in with entity id 77110 at ([world_nether]-328.1878290810747, 78.0, 42.42587962217053)
[15:44:07] [Server thread/INFO]: Bebra issued server command: /home
[15:46:01] [Server thread/INFO]: GAY_HUNTER issued server command: /teleport Bebra GAY_HUNTER
[15:46:01] [Server thread/INFO]: [GAY_HUNTER: Teleported Bebra to GAY_HUNTER]
[15:47:45] [Server thread/WARN]: Horse (vehicle of GAY_HUNTER) moved wrongly! 0.3628276878814045
[15:47:45] [Server thread/WARN]: Horse (vehicle of GAY_HUNTER) moved wrongly! 0.32394767088346565
[15:47:45] [Server thread/WARN]: Horse (vehicle of GAY_HUNTER) moved wrongly! 0.2849798238256156
[15:47:59] [Server thread/INFO]: qusarber lost connection: Disconnected
[15:47:59] [Server thread/INFO]: qusarber left the game
[15:48:26] [Server thread/INFO]: GAY_HUNTER issued server command: /teleport Bebra GAY_HUNTER
[15:48:26] [Server thread/INFO]: [GAY_HUNTER: Teleported Bebra to GAY_HUNTER]
[15:54:31] [Server thread/INFO]: Bebra issued server command: /home
[15:55:40] [Server thread/INFO]: GAY_HUNTER issued server command: /sethome fox
[15:55:40] [Server thread/INFO]: Max Homes: 0
[15:55:44] [Server thread/INFO]: GAY_HUNTER issued server command: /home home1
[15:56:13] [Server thread/INFO]: GAY_HUNTER issued server command: /home fox
[16:01:32] [Server thread/INFO]: qusarber[/172.23.0.1:43342] logged in with entity id 86566 at ([world]181.8074813112107, 64.0, -1034.6774709981828)
[16:01:59] [Server thread/INFO]: Bebra issued server command: /home
[16:05:31] [Server thread/INFO]: Bebra issued server command: /home
[16:06:49] [Server thread/INFO]: GAY_HUNTER issued server command: /teleport Bebra qusarber
[16:06:49] [Server thread/INFO]: [GAY_HUNTER: Teleported Bebra to qusarber]
[16:07:25] [Server thread/INFO]: Bebra issued server command: /home
[16:09:15] [Server thread/INFO]: Bebra issued server command: /home
[16:11:23] [Server thread/INFO]: Bebra issued server command: /home
[16:17:47] [Server thread/INFO]: GAY_HUNTER issued server command: /teleport Bebra
[16:17:47] [Server thread/INFO]: [GAY_HUNTER: Teleported GAY_HUNTER to Bebra]
[16:17:54] [Server thread/INFO]: GAY_HUNTER issued server command: /teleport qusarber Bebra
[16:17:54] [Server thread/INFO]: [GAY_HUNTER: Teleported qusarber to Bebra]
[16:19:46] [Server thread/INFO]: GAY_HUNTER issued server command: /teleport Bebra
[16:19:46] [Server thread/INFO]: [GAY_HUNTER: Teleported GAY_HUNTER to Bebra]
[16:22:32] [Server thread/INFO]: Bebra has made the advancement [Take Aim]
[16:23:29] [Server thread/INFO]: qusarber has made the advancement [Take Aim]
[16:24:05] [Server thread/INFO]: qusarber was slain by Vex
[16:24:10] [Server thread/INFO]: GAY_HUNTER has reached the goal [Postmortal]
[16:24:12] [Server thread/INFO]: GAY_HUNTER was slain by Vindicator
[16:24:18] [Server thread/INFO]: GAY_HUNTER issued server command: /teleport Bebra
[16:24:18] [Server thread/INFO]: [GAY_HUNTER: Teleported GAY_HUNTER to Bebra]
[16:24:20] [Server thread/INFO]: GAY_HUNTER issued server command: /
[16:24:29] [Server thread/INFO]: GAY_HUNTER was slain by Vindicator
[16:24:34] [Server thread/INFO]: GAY_HUNTER issued server command: /teleport Bebra
[16:24:34] [Server thread/INFO]: [GAY_HUNTER: Teleported GAY_HUNTER to Bebra]
[16:24:34] [Server thread/WARN]: GAY_HUNTER moved too quickly! -846.663938444528,2.0625,313.24791450964983
[16:24:41] [Server thread/INFO]: GAY_HUNTER issued server command: /sethome lox
[16:24:41] [Server thread/INFO]: Max Homes: 0
[16:25:36] [Server thread/INFO]: GAY_HUNTER was slain by Vindicator
[16:25:46] [Server thread/INFO]: GAY_HUNTER issued server command: /teleport Bebra
[16:25:46] [Server thread/INFO]: [GAY_HUNTER: Teleported GAY_HUNTER to Bebra]
[16:25:46] [Server thread/WARN]: GAY_HUNTER moved too quickly! -834.3511477863836,4.314703340253729,305.7085769240507
[16:25:52] [Server thread/INFO]: GAY_HUNTER issued server command: /teleport qusarber Bebra
[16:25:52] [Server thread/INFO]: [GAY_HUNTER: Teleported qusarber to Bebra]
[16:25:55] [Server thread/INFO]: GAY_HUNTER was slain by Vex
[16:26:00] [Server thread/INFO]: GAY_HUNTER issued server command: /teleport Bebra
[16:26:00] [Server thread/INFO]: [GAY_HUNTER: Teleported GAY_HUNTER to Bebra]
[16:26:00] [Server thread/WARN]: GAY_HUNTER moved too quickly! -830.8614395393548,3.0013359791121417,307.0318402372694
[16:26:15] [Server thread/INFO]: GAY_HUNTER was slain by Vindicator
[16:26:17] [Server thread/INFO]: qusarber was slain by Vex
[16:26:20] [Server thread/INFO]: GAY_HUNTER issued server command: /teleport Bebra
[16:26:20] [Server thread/INFO]: [GAY_HUNTER: Teleported GAY_HUNTER to Bebra]
[16:26:20] [Server thread/WARN]: GAY_HUNTER moved too quickly! -838.755179450103,2.0,315.9580537707441
[16:26:47] [Server thread/INFO]: GAY_HUNTER issued server command: /teleport qusarber GAY_HUNTER
[16:26:47] [Server thread/INFO]: [GAY_HUNTER: Teleported qusarber to GAY_HUNTER]
[16:27:08] [Server thread/INFO]: qusarber issued server command: /sethome
[16:27:24] [Server thread/INFO]: qusarber was slain by Vindicator
[16:27:27] [Server thread/INFO]: GAY_HUNTER was slain by Vindicator
[16:27:33] [Server thread/INFO]: GAY_HUNTER issued server command: /teleport Bebra
[16:27:33] [Server thread/INFO]: [GAY_HUNTER: Teleported GAY_HUNTER to Bebra]
[16:27:33] [Server thread/WARN]: GAY_HUNTER moved too quickly! -887.5804134470377,11.311687078744683,325.09339110939754
[16:27:35] [Server thread/INFO]: qusarber issued server command: /home
[16:27:53] [Server thread/INFO]: GAY_HUNTER was slain by Vex
[16:27:58] [Server thread/INFO]: GAY_HUNTER issued server command: /teleport Bebra
[16:27:58] [Server thread/INFO]: [GAY_HUNTER: Teleported GAY_HUNTER to Bebra]
[16:27:58] [Server thread/WARN]: GAY_HUNTER moved too quickly! -881.7978402809525,10.0625,328.7342336421466
[16:28:21] [Server thread/INFO]: GAY_HUNTER issued server command: /home lox
[16:28:21] [Server thread/WARN]: GAY_HUNTER moved too quickly! 48.09095764569054,-0.9375,-56.12676889518457
[16:28:25] [Server thread/INFO]: qusarber was slain by Vex
[16:28:30] [Server thread/INFO]: qusarber issued server command: /home
[16:28:32] [Server thread/INFO]: GAY_HUNTER issued server command: /teleport qusarber GAY_HUNTER
[16:28:32] [Server thread/INFO]: [GAY_HUNTER: Teleported qusarber to GAY_HUNTER]
[16:30:13] [Server thread/INFO]: GAY_HUNTER issued server command: /home home1
[16:31:37] [Server thread/INFO]: GAY_HUNTER issued server command: /home lox
[16:31:47] [Server thread/INFO]: GAY_HUNTER issued server command: /home home1
[16:31:57] [Server thread/INFO]: GAY_HUNTER issued server command: /home lox
[16:31:57] [Server thread/WARN]: GAY_HUNTER moved too quickly! -833.4710113886207,3.125,312.2396965236778
[16:32:17] [Server thread/INFO]: GAY_HUNTER issued server command: /teleport qusarber
[16:32:17] [Server thread/INFO]: [GAY_HUNTER: Teleported GAY_HUNTER to qusarber]
[16:32:17] [Server thread/WARN]: GAY_HUNTER moved too quickly! -18.712151054998913,10.9375,-27.789545359384533
[16:32:50] [Server thread/INFO]: qusarber has reached the goal [Postmortal]
[16:37:59] [Server thread/INFO]: GAY_HUNTER issued server command: /home1
[16:38:02] [Server thread/INFO]: GAY_HUNTER issued server command: /home home1
[16:38:31] [Server thread/INFO]: GAY_HUNTER issued server command: /teleport Bebra
[16:38:31] [Server thread/INFO]: [GAY_HUNTER: Teleported GAY_HUNTER to Bebra]
[16:39:31] [Server thread/INFO]: GAY_HUNTER issued server command: /home home1
[16:40:26] [Server thread/INFO]: GAY_HUNTER was slain by Zombie
[16:41:59] [Server thread/INFO]: GAY_HUNTER issued server command: /home home1
[16:43:26] [Server thread/INFO]: GAY_HUNTER issued server command: /home lox
[16:43:26] [Server thread/WARN]: GAY_HUNTER moved too quickly! -877.7352025691657,2.0625,304.16286878755795
[16:43:42] [Server thread/INFO]: GAY_HUNTER issued server command: /home home1
[16:46:06] [Server thread/INFO]: Bebra issued server command: /home
[16:46:38] [Server thread/INFO]: GAY_HUNTER issued server command: /teleport qusarber
[16:46:38] [Server thread/INFO]: [GAY_HUNTER: Teleported GAY_HUNTER to qusarber]
[16:46:38] [Server thread/WARN]: GAY_HUNTER moved too quickly! -880.2758780156483,1.0,320.43664871402257
[16:48:07] [Server thread/INFO]: GAY_HUNTER issued server command: /home home1
[16:48:16] [Server thread/INFO]: GAY_HUNTER issued server command: /teleport qusarber GAY_HUNTER
[16:48:16] [Server thread/INFO]: [GAY_HUNTER: Teleported qusarber to GAY_HUNTER]
[16:53:34] [Server thread/INFO]: Bebra issued server command: /home
[16:56:15] [Server thread/INFO]: qusarber issued server command: /sethome
[16:56:26] [Server thread/INFO]: qusarber issued server command: /home
[16:59:22] [Server thread/INFO]: Bebra issued server command: /sethome Bebra
[16:59:27] [Server thread/INFO]: Bebra issued server command: /sethome test
[16:59:49] [Server thread/INFO]: Bebra issued server command: /home
[16:59:51] [Server thread/INFO]: GAY_HUNTER issued server command: /home fox
[16:59:56] [Server thread/INFO]: GAY_HUNTER issued server command: /home fox
[17:00:17] [Server thread/INFO]: GAY_HUNTER issued server command: /home home1
[17:00:24] [Server thread/INFO]: GAY_HUNTER issued server command: /home fox
[17:01:47] [Server thread/INFO]: GAY_HUNTER issued server command: /teleport Bebra GAY_HUNTER
[17:01:47] [Server thread/INFO]: [GAY_HUNTER: Teleported Bebra to GAY_HUNTER]
[17:02:05] [Server thread/INFO]: GAY_HUNTER issued server command: /teleport Bebra qusarber
[17:02:05] [Server thread/INFO]: [GAY_HUNTER: Teleported Bebra to qusarber]
[17:09:02] [Server thread/INFO]: GAY_HUNTER issued server command: /home fox
[17:09:02] [Server thread/WARN]: GAY_HUNTER moved too quickly! 327.3266896790685,-53.0,-304.18062045235513
[17:09:35] [Server thread/INFO]: GAY_HUNTER issued server command: /home home1
[17:10:08] [Server thread/INFO]: GAY_HUNTER issued server command: /home fox
[17:17:17] [Server thread/INFO]: GAY_HUNTER issued server command: /home home1
[17:18:42] [Server thread/INFO]: GAY_HUNTER issued server command: /teleport Bebra GAY_HUNTER
[17:18:42] [Server thread/INFO]: [GAY_HUNTER: Teleported Bebra to GAY_HUNTER]
[17:20:26] [Server thread/INFO]: qusarber issued server command: /home
[17:22:56] [Server thread/INFO]: GAY_HUNTER issued server command: /home fox
[17:23:14] [Server thread/INFO]: GAY_HUNTER issued server command: /home home1
[17:23:14] [Server thread/WARN]: GAY_HUNTER moved too quickly! -711.9267520827817,-1.0,125.81599356393485
[17:23:45] [Server thread/INFO]: Bebra has made the advancement [What a Deal!]
[17:24:46] [Server thread/INFO]: GAY_HUNTER issued server command: /home fox
[17:25:10] [Server thread/INFO]: GAY_HUNTER issued server command: /home home1
[17:25:10] [Server thread/WARN]: GAY_HUNTER moved too quickly! -671.5645213422166,2.0,111.4493581866343
[17:27:26] [Server thread/INFO]: GAY_HUNTER lost connection: Disconnected
[17:27:26] [Server thread/INFO]: GAY_HUNTER left the game
[17:28:50] [Server thread/INFO]: Disconnecting com.mojang.authlib.GameProfile@658f6f93[id=eb478787-e57b-32bc-9b5b-631b721c9a0d,name=Worti147,properties={},legacy=false] (/172.23.0.1:43726): You are not white-listed on this server!
[17:28:51] [Server thread/INFO]: com.mojang.authlib.GameProfile@658f6f93[id=eb478787-e57b-32bc-9b5b-631b721c9a0d,name=Worti147,properties={},legacy=false] (/172.23.0.1:43726) lost connection: You are not white-listed on this server!
[17:28:56] [Server thread/INFO]: Disconnecting com.mojang.authlib.GameProfile@4b6c2387[id=eb478787-e57b-32bc-9b5b-631b721c9a0d,name=Worti147,properties={},legacy=false] (/172.23.0.1:43730): You are not white-listed on this server!
[17:28:56] [Server thread/INFO]: com.mojang.authlib.GameProfile@4b6c2387[id=eb478787-e57b-32bc-9b5b-631b721c9a0d,name=Worti147,properties={},legacy=false] (/172.23.0.1:43730) lost connection: You are not white-listed on this server!
[17:29:01] [Server thread/INFO]: Disconnecting com.mojang.authlib.GameProfile@24695f27[id=eb478787-e57b-32bc-9b5b-631b721c9a0d,name=Worti147,properties={},legacy=false] (/172.23.0.1:43734): You are not white-listed on this server!
[17:29:01] [Server thread/INFO]: com.mojang.authlib.GameProfile@24695f27[id=eb478787-e57b-32bc-9b5b-631b721c9a0d,name=Worti147,properties={},legacy=false] (/172.23.0.1:43734) lost connection: You are not white-listed on this server!
[17:29:09] [Server thread/INFO]: Disconnecting com.mojang.authlib.GameProfile@7f6c1374[id=eb478787-e57b-32bc-9b5b-631b721c9a0d,name=Worti147,properties={},legacy=false] (/172.23.0.1:43740): You are not white-listed on this server!
[17:29:09] [Server thread/INFO]: com.mojang.authlib.GameProfile@7f6c1374[id=eb478787-e57b-32bc-9b5b-631b721c9a0d,name=Worti147,properties={},legacy=false] (/172.23.0.1:43740) lost connection: You are not white-listed on this server!
[17:29:17] [Server thread/INFO]: Disconnecting com.mojang.authlib.GameProfile@333fe3e6[id=eb478787-e57b-32bc-9b5b-631b721c9a0d,name=Worti147,properties={},legacy=false] (/172.23.0.1:43744): You are not white-listed on this server!
[17:29:17] [Server thread/INFO]: com.mojang.authlib.GameProfile@333fe3e6[id=eb478787-e57b-32bc-9b5b-631b721c9a0d,name=Worti147,properties={},legacy=false] (/172.23.0.1:43744) lost connection: You are not white-listed on this server!
[17:29:35] [Server thread/INFO]: Disconnecting com.mojang.authlib.GameProfile@394b8605[id=eb478787-e57b-32bc-9b5b-631b721c9a0d,name=Worti147,properties={},legacy=false] (/172.23.0.1:43748): You are not white-listed on this server!
[17:29:35] [Server thread/INFO]: com.mojang.authlib.GameProfile@394b8605[id=eb478787-e57b-32bc-9b5b-631b721c9a0d,name=Worti147,properties={},legacy=false] (/172.23.0.1:43748) lost connection: You are not white-listed on this server!
[17:29:42] [Server thread/INFO]: Disconnecting com.mojang.authlib.GameProfile@5c95f11e[id=eb478787-e57b-32bc-9b5b-631b721c9a0d,name=Worti147,properties={},legacy=false] (/172.23.0.1:43754): You are not white-listed on this server!
[17:29:42] [Server thread/INFO]: com.mojang.authlib.GameProfile@5c95f11e[id=eb478787-e57b-32bc-9b5b-631b721c9a0d,name=Worti147,properties={},legacy=false] (/172.23.0.1:43754) lost connection: You are not white-listed on this server!
[17:29:49] [Server thread/INFO]: Disconnecting com.mojang.authlib.GameProfile@3a9eee00[id=eb478787-e57b-32bc-9b5b-631b721c9a0d,name=Worti147,properties={},legacy=false] (/172.23.0.1:43758): You are not white-listed on this server!
[17:29:49] [Server thread/INFO]: com.mojang.authlib.GameProfile@3a9eee00[id=eb478787-e57b-32bc-9b5b-631b721c9a0d,name=Worti147,properties={},legacy=false] (/172.23.0.1:43758) lost connection: You are not white-listed on this server!
[17:30:05] [Server thread/INFO]: Disconnecting com.mojang.authlib.GameProfile@2169ffdd[id=eb478787-e57b-32bc-9b5b-631b721c9a0d,name=Worti147,properties={},legacy=false] (/172.23.0.1:43774): You are not white-listed on this server!
[17:30:05] [Server thread/INFO]: com.mojang.authlib.GameProfile@2169ffdd[id=eb478787-e57b-32bc-9b5b-631b721c9a0d,name=Worti147,properties={},legacy=false] (/172.23.0.1:43774) lost connection: You are not white-listed on this server!
[17:31:29] [Server thread/INFO]: Disconnecting com.mojang.authlib.GameProfile@64de331b[id=eb478787-e57b-32bc-9b5b-631b721c9a0d,name=Worti147,properties={},legacy=false] (/172.23.0.1:43796): You are not white-listed on this server!
[17:31:29] [Server thread/INFO]: com.mojang.authlib.GameProfile@64de331b[id=eb478787-e57b-32bc-9b5b-631b721c9a0d,name=Worti147,properties={},legacy=false] (/172.23.0.1:43796) lost connection: You are not white-listed on this server!
[17:32:31] [Server thread/INFO]: Disconnecting com.mojang.authlib.GameProfile@7794e354[id=eb478787-e57b-32bc-9b5b-631b721c9a0d,name=Worti147,properties={},legacy=false] (/172.23.0.1:43804): You are not white-listed on this server!
[17:32:31] [Server thread/INFO]: com.mojang.authlib.GameProfile@7794e354[id=eb478787-e57b-32bc-9b5b-631b721c9a0d,name=Worti147,properties={},legacy=false] (/172.23.0.1:43804) lost connection: You are not white-listed on this server!
[17:33:13] [Server thread/INFO]: Disconnecting com.mojang.authlib.GameProfile@6109b69a[id=eb478787-e57b-32bc-9b5b-631b721c9a0d,name=Worti147,properties={},legacy=false] (/172.23.0.1:43812): You are not white-listed on this server!
[17:33:13] [Server thread/INFO]: com.mojang.authlib.GameProfile@6109b69a[id=eb478787-e57b-32bc-9b5b-631b721c9a0d,name=Worti147,properties={},legacy=false] (/172.23.0.1:43812) lost connection: You are not white-listed on this server!
[17:33:19] [Server thread/INFO]: GAY_HUNTER[/172.23.0.1:43816] logged in with entity id 121476 at ([world]82.77679070002702, 68.0, -1027.8996243829354)
[17:33:24] [Server thread/INFO]: Disconnecting com.mojang.authlib.GameProfile@7095aa1f[id=eb478787-e57b-32bc-9b5b-631b721c9a0d,name=Worti147,properties={},legacy=false] (/172.23.0.1:43820): You are not white-listed on this server!
[17:33:24] [Server thread/INFO]: com.mojang.authlib.GameProfile@7095aa1f[id=eb478787-e57b-32bc-9b5b-631b721c9a0d,name=Worti147,properties={},legacy=false] (/172.23.0.1:43820) lost connection: You are not white-listed on this server!
[17:33:27] [Server thread/INFO]: GAY_HUNTER issued server command: /whitelist off
[17:33:27] [Server thread/INFO]: [GAY_HUNTER: Whitelist is now turned off]
[17:33:29] [Server thread/INFO]: Worti147[/172.23.0.1:43824] logged in with entity id 121501 at ([world]111.5, 99.0, -488.5)
[17:33:35] [Server thread/INFO]: GAY_HUNTER issued server command: /whitelist add Worti147
[17:33:35] [Server thread/INFO]: [GAY_HUNTER: Added Worti147 to the whitelist]
[17:33:46] [Server thread/INFO]: GAY_HUNTER issued server command: /whitelist off
[17:33:50] [Server thread/INFO]: GAY_HUNTER issued server command: /whitelist on
[17:33:50] [Server thread/INFO]: [GAY_HUNTER: Whitelist is now turned on]
[17:33:52] [Server thread/INFO]: GAY_HUNTER lost connection: Disconnected
[17:33:52] [Server thread/INFO]: GAY_HUNTER left the game
[17:35:51] [Server thread/INFO]: Bebra issued server command: /home
[17:37:53] [Server thread/INFO]: Worti147 issued server command: /sethome
[17:37:58] [Server thread/INFO]: Worti147 issued server command: /HOME
[17:40:03] [Server thread/INFO]: Worti147 was shot by Skeleton
[17:40:18] [Server thread/INFO]: Worti147 issued server command: /home
[17:42:13] [Server thread/INFO]: qusarber issued server command: /home
[17:42:59] [Server thread/INFO]: Worti147 issued server command: /sethome
[17:43:35] [Server thread/INFO]: Worti147 has made the advancement [Diamonds!]
[17:43:50] [Server thread/INFO]: Bebra issued server command: /home
[17:44:40] [Server thread/INFO]: Worti147 has made the advancement [Suit Up]
[17:44:47] [Server thread/INFO]: Worti147 has made the advancement [Sweet Dreams]
[17:45:38] [Server thread/INFO]: Worti147 has made the advancement [Monster Hunter]
[17:45:59] [Server thread/INFO]: Bebra issued server command: /home
[17:47:26] [Server thread/INFO]: Worti147 has made the advancement [Stone Age]
[17:53:37] [Server thread/INFO]: Worti147 issued server command: /home
[17:56:41] [Server thread/INFO]: GAY_HUNTER[/172.23.0.1:43932] logged in with entity id 129659 at ([world]63.42393586919828, 66.9375, -1022.1680433424104)
[17:56:51] [Server thread/INFO]: GAY_HUNTER issued server command: /whitelist off
[17:56:51] [Server thread/INFO]: [GAY_HUNTER: Whitelist is now turned off]
[17:57:12] [Server thread/INFO]: Bebra has made the advancement [Hidden in the Depths]
[17:58:14] [Server thread/INFO]: GAY_HUNTER issued server command: /gamemode survival Worti147
[18:00:02] [Server thread/INFO]: qusarber issued server command: /home
[18:00:40] [Server thread/INFO]: GAY_HUNTER issued server command: /whitelist off
[18:02:23] [Server thread/INFO]: GAY_HUNTER issued server command: /whitelist add AndriyNesterchuk
[18:02:24] [Server thread/INFO]: [GAY_HUNTER: Added andriynesterchuk to the whitelist]
[18:02:33] [Server thread/INFO]: GAY_HUNTER issued server command: /whitelist off
[18:02:36] [Server thread/INFO]: GAY_HUNTER issued server command: /whitelist on
[18:02:36] [Server thread/INFO]: [GAY_HUNTER: Whitelist is now turned on]
[18:02:37] [Server thread/INFO]: GAY_HUNTER lost connection: Disconnected
[18:02:37] [Server thread/INFO]: GAY_HUNTER left the game
[18:07:15] [Server thread/WARN]: Bebra moved wrongly!
[18:08:38] [Server thread/INFO]: Bebra issued server command: /home
[18:11:05] [Server thread/INFO]: Worti147 issued server command: /home
[18:11:06] [Server thread/INFO]: qusarber lost connection: Disconnected
[18:11:06] [Server thread/INFO]: qusarber left the game
[18:16:56] [Server thread/INFO]: Worti147 has made the advancement [Acquire Hardware]
[18:19:23] [Server thread/INFO]: Worti147 has made the advancement [Tactical Fishing]
[18:22:37] [Server thread/INFO]: Worti147 has made the advancement [Hot Stuff]
[18:36:28] [Server thread/INFO]: Bebra issued server command: /home
[18:49:19] [Server thread/INFO]: Bebra issued server command: /home
[18:50:13] [Server thread/INFO]: Worti147 issued server command: /home
[18:51:44] [Server thread/INFO]: Worti147 has made the advancement [We Need to Go Deeper]
[18:57:59] [Server thread/INFO]: Worti147 issued server command: /home
[19:08:30] [Server thread/INFO]: Bebra has made the advancement [A Terrible Fortress]
[19:11:43] [Server thread/INFO]: Bebra has made the advancement [Into Fire]
[19:14:18] [Server thread/INFO]: Bebra issued server command: /home
[19:15:55] [Server thread/INFO]: Worti147 issued server command: /home
[19:16:01] [Server thread/INFO]: qusarber[/172.23.0.1:44310] logged in with entity id 155476 at ([world]181.11836591559617, 65.5, -1032.567997995936)
[19:17:21] [Server thread/INFO]: qusarber lost connection: Disconnected
[19:17:21] [Server thread/INFO]: qusarber left the game
[19:17:40] [Server thread/INFO]: Jeleshka[/172.23.0.1:44322] logged in with entity id 156066 at ([world]-6.699999988079071, 57.0, -1026.5182107944906)
[19:17:58] [Server thread/INFO]: Worti147 fell from a high place
[19:18:41] [Server thread/INFO]: qusarber[/172.23.0.1:44330] logged in with entity id 156965 at ([world]181.65075072157452, 64.0, -1034.5508802882766)
[19:21:41] [Server thread/INFO]: Bebra has completed the challenge [Hot Tourist Destinations]
[19:22:00] [Server thread/INFO]: Bebra issued server command: /home
[19:23:59] [Server thread/INFO]: Bebra issued server command: /home
[19:28:43] [Server thread/INFO]: Vasul[/172.23.0.1:44374] logged in with entity id 162387 at ([world]1.0891935876306245, 62.9375, -1012.6383901907517)
[19:33:35] [Server thread/INFO]: qusarber lost connection: Disconnected
[19:33:35] [Server thread/INFO]: qusarber left the game
[19:36:31] [Server thread/INFO]: Worti147 issued server command: /home
[19:36:50] [Server thread/INFO]: Jeleshka lost connection: Disconnected
[19:36:50] [Server thread/INFO]: Jeleshka left the game
[19:40:33] [Server thread/INFO]: GAY_HUNTER[/172.23.0.1:44426] logged in with entity id 169505 at ([world]75.41338832411006, 68.875, -1033.7398647657596)
[19:42:59] [Server thread/INFO]: Worti147 issued server command: /home
[19:43:22] [Server thread/INFO]: Worti147 has made the advancement [Enchanter]
[19:44:03] [Server thread/INFO]: GAY_HUNTER issued server command: /teleport Vasul
[19:44:03] [Server thread/INFO]: [GAY_HUNTER: Teleported GAY_HUNTER to Vasul]
[19:44:03] [Server thread/WARN]: GAY_HUNTER moved too quickly! -34.15650752672028,-27.737499952316284,24.558370593134327
[19:44:05] [Server thread/INFO]: Vasul drowned
[19:44:10] [Server thread/INFO]: GAY_HUNTER issued server command: /home home1
[19:44:10] [Server thread/WARN]: GAY_HUNTER moved too quickly! 24.592426135227264,30.0,-53.330800235812376
[19:44:29] [Server thread/INFO]: GAY_HUNTER issued server command: /teleport Vasul GAY_HUNTER
[19:44:29] [Server thread/INFO]: [GAY_HUNTER: Teleported Vasul to GAY_HUNTER]
[19:45:46] [Server thread/INFO]: Bebra issued server command: /home
[19:49:32] [Server thread/INFO]: GAY_HUNTER issued server command: /teleport Bebra GAY_HUNTER
[19:49:32] [Server thread/INFO]: [GAY_HUNTER: Teleported Bebra to GAY_HUNTER]
[19:50:12] [Server thread/INFO]: GAY_HUNTER issued server command: /teleport Worti147 GAY_HUNTER
[19:50:12] [Server thread/INFO]: [GAY_HUNTER: Teleported Worti147 to GAY_HUNTER]
[19:59:08] [Server thread/INFO]: Bebra issued server command: /home
[19:59:29] [Server thread/INFO]: GAY_HUNTER issued server command: /teleport Bebra GAY_HUNTER
[19:59:29] [Server thread/INFO]: [GAY_HUNTER: Teleported Bebra to GAY_HUNTER]
[20:00:00] [Server thread/INFO]: Bebra issued server command: /home
[20:00:50] [Server thread/INFO]: Bebra has completed the challenge [Cover Me in Debris]
[20:03:16] [Server thread/INFO]: GAY_HUNTER issued server command: /home home1
[20:03:16] [Server thread/WARN]: GAY_HUNTER moved too quickly! 171.82057080171876,6.926735675334939,-194.32403202129933
[20:09:41] [Server thread/INFO]: Vasul has made the advancement [Acquire Hardware]
[20:10:32] [Server thread/INFO]: Bebra issued server command: /home
[20:10:38] [Server thread/INFO]: Worti147 issued server command: /home
[20:12:06] [Server thread/INFO]: GAY_HUNTER issued server command: /teleport Bebra GAY_HUNTER
[20:12:06] [Server thread/INFO]: [GAY_HUNTER: Teleported Bebra to GAY_HUNTER]
[20:17:44] [Server thread/INFO]: Bebra issued server command: /home
[20:17:47] [Server thread/INFO]: Worti147 fell off some vines
[20:17:57] [Server thread/INFO]: GAY_HUNTER has made the advancement [Tactical Fishing]
[20:20:12] [Server thread/INFO]: Worti147 issued server command: /home
[20:20:42] [Server thread/INFO]: GAY_HUNTER issued server command: /teleport Bebra GAY_HUNTER
[20:20:42] [Server thread/INFO]: [GAY_HUNTER: Teleported Bebra to GAY_HUNTER]
[20:21:02] [Server thread/INFO]: GAY_HUNTER issued server command: /teleport Worti147 GAY_HUNTER
[20:21:02] [Server thread/INFO]: [GAY_HUNTER: Teleported Worti147 to GAY_HUNTER]
[20:21:11] [Server thread/INFO]: Bebra issued server command: /home
[20:24:12] [Server thread/INFO]: dima23008[/172.23.0.1:44622] logged in with entity id 189929 at ([world]80.5512481642645, 81.24813599859094, -1072.25548394895)
[20:26:40] [Server thread/INFO]: GAY_HUNTER issued server command: /teleport Vasul GAY_HUNTER
[20:26:40] [Server thread/INFO]: [GAY_HUNTER: Teleported Vasul to GAY_HUNTER]
[20:27:18] [Server thread/INFO]: GAY_HUNTER issued server command: /teleport Bebra GAY_HUNTER
[20:27:18] [Server thread/INFO]: [GAY_HUNTER: Teleported Bebra to GAY_HUNTER]
[20:34:08] [Server thread/INFO]: Worti147 lost connection: Disconnected
[20:34:08] [Server thread/INFO]: Worti147 left the game
[20:35:45] [Server thread/WARN]: Horse (vehicle of dima23008) moved wrongly! 0.6879267174030999
[20:35:58] [Server thread/WARN]: Horse (vehicle of dima23008) moved wrongly! 0.35318535183171773
[20:38:59] [Server thread/INFO]: GAY_HUNTER issued server command: /sethome kin
[20:38:59] [Server thread/INFO]: Max Homes: 0
[20:39:17] [Server thread/INFO]: GAY_HUNTER issued server command: /home homee1
[20:39:20] [Server thread/INFO]: GAY_HUNTER issued server command: /home home1
[20:39:20] [Server thread/WARN]: GAY_HUNTER moved too quickly! 110.74843952048775,0.14999998211860088,330.6904860405232
[20:39:24] [Server thread/INFO]: GAY_HUNTER issued server command: /home kin
[20:39:24] [Server thread/WARN]: GAY_HUNTER moved too quickly! -120.26878454682597,3.0,-336.04383481861123
[20:39:43] [Server thread/INFO]: Bebra issued server command: /home
[20:40:51] [Server thread/INFO]: GAY_HUNTER issued server command: /teleport Bebra GAY_HUNTER
[20:40:51] [Server thread/INFO]: [GAY_HUNTER: Teleported Bebra to GAY_HUNTER]
[20:41:52] [Server thread/WARN]: Horse (vehicle of dima23008) moved wrongly! 0.2538735758448638
[20:41:52] [Server thread/WARN]: Horse (vehicle of dima23008) moved wrongly! 0.621958148660724
[20:41:52] [Server thread/WARN]: Horse (vehicle of dima23008) moved wrongly! 1.0046360323754016
[20:42:05] [Server thread/WARN]: Donkey (vehicle of dima23008) moved wrongly! 0.84281752063389
[20:42:24] [Server thread/WARN]: Donkey (vehicle of dima23008) moved wrongly! 2.0692507517254715
[20:43:24] [Server thread/INFO]: GAY_HUNTER issued server command: /teleport dima23008
[20:43:24] [Server thread/INFO]: [GAY_HUNTER: Teleported GAY_HUNTER to dima23008]
[20:43:24] [Server thread/WARN]: GAY_HUNTER moved too quickly! 125.32326841839743,41.48249998688698,-544.6130509523334
[20:45:30] [Server thread/WARN]: Horse (vehicle of dima23008) moved wrongly! 0.2819023505987843
[20:45:30] [Server thread/WARN]: Horse (vehicle of dima23008) moved wrongly! 0.5855729059887835
[20:45:59] [Server thread/WARN]: Horse (vehicle of dima23008) moved wrongly! 3.2805793098547316
[20:47:04] [Server thread/WARN]: Horse (vehicle of dima23008) moved wrongly! 2.0275862620304634
[20:52:20] [Server thread/INFO]: GAY_HUNTER issued server command: /home kin
[20:52:20] [Server thread/WARN]: GAY_HUNTER moved too quickly! -153.25954372041093,4.0,-351.68329121744137
[20:52:56] [Server thread/INFO]: GAY_HUNTER issued server command: /home home1
[20:54:51] [Server thread/INFO]: Bebra issued server command: /home
[20:55:53] [Server thread/INFO]: Vasul was shot by Skeleton
[20:56:11] [Server thread/INFO]: GAY_HUNTER issued server command: /home home1
[20:56:11] [Server thread/WARN]: GAY_HUNTER moved too quickly! -91.42656317973041,1.0,-17.434712338042573
[20:56:43] [Server thread/INFO]: GAY_HUNTER issued server command: /teleport Vasul
[20:56:43] [Server thread/INFO]: [GAY_HUNTER: Teleported GAY_HUNTER to Vasul]
[20:56:43] [Server thread/WARN]: GAY_HUNTER moved too quickly! 78.21961683659515,-3.0,572.5603897325577
[20:56:48] [Server thread/INFO]: GAY_HUNTER issued server command: /home home1
[20:56:48] [Server thread/WARN]: GAY_HUNTER moved too quickly! -87.84172584778963,4.0,-596.0863575335209
[20:56:52] [Server thread/INFO]: GAY_HUNTER issued server command: /teleport Vasul GAY_HUNTER
[20:56:52] [Server thread/INFO]: [GAY_HUNTER: Teleported Vasul to GAY_HUNTER]
[20:57:20] [Server thread/INFO]: Bebra issued server command: /home
[20:57:25] [Server thread/INFO]: GAY_HUNTER issued server command: /kin
[20:57:27] [Server thread/INFO]: GAY_HUNTER issued server command: /home kin
[20:57:28] [Server thread/WARN]: GAY_HUNTER moved too quickly! -152.92208297810362,4.0,-349.15923118228307
[20:59:03] [Server thread/INFO]: GAY_HUNTER issued server command: /teleport Bebra Vasul
[20:59:03] [Server thread/INFO]: [GAY_HUNTER: Teleported Bebra to Vasul]
[20:59:36] [Server thread/INFO]: Vasul issued server command: /sethome
[21:00:03] [Server thread/INFO]: Vasul has made the advancement [Not Today, Thank You]
[21:17:41] [Server thread/INFO]: Vasul issued server command: /home
[21:17:58] [Server thread/INFO]: Bebra issued server command: /home
[21:20:47] [Server thread/WARN]: Horse (vehicle of GAY_HUNTER) moved wrongly! 0.4421746807383897
[21:22:24] [Server thread/INFO]: GAY_HUNTER issued server command: /sethome swamp
[21:22:24] [Server thread/INFO]: Max Homes: 0
[21:23:11] [Server thread/INFO]: GAY_HUNTER issued server command: /teleport Bebra Vasul
[21:23:11] [Server thread/INFO]: [GAY_HUNTER: Teleported Bebra to Vasul]
[21:28:50] [Server thread/INFO]: GAY_HUNTER issued server command: /home swamp
[21:28:50] [Server thread/WARN]: GAY_HUNTER moved too quickly! -140.0362132047053,3.850000017881399,-18.077613040995857
[21:30:03] [Server thread/INFO]: Vasul lost connection: Disconnected
[21:30:03] [Server thread/INFO]: Vasul left the game
[21:31:23] [Server thread/WARN]: Horse (vehicle of GAY_HUNTER) moved wrongly! 0.2523931081577757
[21:31:40] [Server thread/WARN]: Horse (vehicle of GAY_HUNTER) moved wrongly! 0.5403371376598898
[21:33:31] [Server thread/INFO]: Bebra lost connection: Disconnected
[21:33:31] [Server thread/INFO]: Bebra left the game
[21:34:52] [Server thread/INFO]: GAY_HUNTER issued server command: /home home1
[21:34:52] [Server thread/WARN]: GAY_HUNTER moved too quickly! 1081.9666688896612,3.0,-1379.4552072837598
[21:39:27] [Server thread/INFO]: dima23008 lost connection: Disconnected
[21:39:27] [Server thread/INFO]: dima23008 left the game
[21:40:22] [Server thread/INFO]: GAY_HUNTER lost connection: Disconnected
[21:40:22] [Server thread/INFO]: GAY_HUNTER left the game
